
**Step result = gemv(matrix, vector)**
-1916 
-2113 
-1890 
-2228 
-2244 
-1672 
-1464 
-3165 
-667 
-1265 
1715 
-1695 
-1997 
-1302 
-2254 
-1757 
-1740 
-2853 
-1790 
-2077 
-1027 
-2268 
-971 
-1640 
-1814 
-925 
-1383 
-1814 
-1366 
-1035 
-3816 
-2890 
-3132 
-688 
-1619 
-61 
886 
-1377 
-1158 
-1573 
-1256 
-2328 
-3022 
-2208 
-2671 
-1145 
-2646 
-1785 
-1916 
-375 
-1816 
-969 
-565 
-1481 
-2104 
-2151 
-1596 
-2257 
-890 
-2156 
-2294 
-2726 
-1588 
-1570 
-1604 
-1669 
-231 
-1292 
-1425 
-1962 
-2989 
-1798 
-2072 
-3067 
-1378 
-2708 
-1423 
-2571 
-1432 
-1332 
-1732 
-1914 
-882 
-1344 
-2093 
-2906 
-1315 
-1229 
-1875 
-583 
-810 
-1459 
-1821 
-1832 
-1551 
-4272 
464 
-983 
-996 
-1556 
-2174 
-2617 
-1388 
-1355 
-1808 
-1540 
-1359 
-1466 
-2005 
-3293 
-2733 
-1195 
-1126 
-1584 
-1796 
-1338 
-1118 
-1673 
-1771 
-2249 
-2438 
-2198 
-1563 
-1893 
-3566 
-1927 
-3289 
-2985 
