
**Step result = gemv(matrix, vector)**
-1733 
-2112 
-1525 
-2096 
-1754 
-1280 
-1199 
-1812 
-1398 
-599 
-1275 
-1558 
-1359 
-1091 
-1578 
-1489 
-1204 
-1662 
-1410 
-1038 
-3106 
-1574 
-1181 
-1640 
-1259 
-1283 
-703 
-375 
-1188 
-2281 
-3408 
-1669 
-1873 
-937 
-1166 
142 
815 
-1309 
-1728 
-1605 
-1086 
-1875 
-2211 
-1917 
-1298 
-707 
-2066 
-1602 
-1978 
-746 
-1813 
-1385 
-1560 
-830 
-2137 
-340 
-2244 
-1541 
-1029 
-2366 
-1930 
-2302 
-963 
394 
-1659 
-1381 
-454 
-1973 
-883 
-1364 
-2367 
-1726 
340 
-2224 
-1887 
-2022 
-1262 
-1843 
-882 
-1691 
-1241 
-1216 
-1735 
-2717 
-1179 
-199 
-1994 
-1372 
-1567 
-1665 
-1736 
-1523 
-2017 
-1287 
-1432 
776 
1401 
-1271 
-1865 
-1479 
-2018 
-2150 
-1563 
-1909 
-1854 
-1756 
-927 
-1172 
-1225 
1231 
-1147 
-998 
-1086 
-1223 
-1543 
-1626 
-1012 
-1300 
-1397 
-973 
-1467 
-2581 
-484 
-1153 
-3617 
-1150 
-279 
-1505 
