
**Step result = gemv(matrix, vector)**
-1807 
-441 
-1170 
-1645 
-1807 
-386 
-1920 
-1229 
-1382 
-1832 
-1068 
-2153 
-1538 
-1130 
-2082 
-1557 
-2052 
-1283 
-1167 
-1183 
-1648 
-1790 
-1591 
-1450 
-2609 
-1367 
-891 
-836 
-1177 
-2238 
-3521 
-3014 
-2154 
-1867 
-1408 
-1290 
-332 
-1779 
-1499 
-1484 
-809 
-1694 
-1711 
-2068 
-892 
-723 
-1880 
-2069 
-709 
-1449 
-1640 
-1797 
-140 
-807 
-1616 
1016 
-1038 
-2175 
-1317 
-2026 
-1678 
-2226 
-1800 
112 
-1407 
-2004 
-578 
-2049 
-387 
-1735 
-2461 
-1355 
-368 
-1778 
-903 
-3491 
-532 
-2995 
-1919 
-1481 
-1434 
-1958 
-2413 
-1231 
-2398 
-905 
-1516 
-1591 
-1387 
-1480 
-1120 
-651 
-879 
-1843 
-1335 
-1938 
1171 
-1060 
-855 
-767 
-2171 
-2777 
-2234 
-2053 
-1547 
-1558 
-587 
-1391 
-1811 
1161 
-2080 
-1810 
-578 
-1270 
-860 
-1066 
-1411 
-1121 
-2096 
-601 
-536 
-1436 
-1187 
-1389 
-3111 
-1438 
-1885 
-1439 
