
**Step result = spmv(matrix, input)**
-946 
-1183 
-1624 
-1131 
-1367 
-743 
-1020 
-622 
-756 
-1372 
-1159 
-576 
-692 
-382 
-1809 
-638 
-1689 
-720 
-845 
-663 
-1790 
-1187 
-1178 
-598 
-1248 
-987 
-1095 
-351 
-956 
-1496 
-2018 
-1778 
-1415 
-1571 
-614 
-812 
-35 
-1397 
-798 
-1230 
-222 
-1221 
-1668 
-858 
-254 
-595 
-902 
-1434 
-1367 
-623 
-814 
-1137 
-124 
-377 
-1272 
-293 
-835 
-1135 
-968 
-1319 
-1250 
-1675 
-1410 
-357 
-1583 
-1048 
-855 
-1177 
-905 
-1071 
-2242 
-688 
-285 
-2234 
-1442 
-1645 
-997 
-1701 
-772 
-774 
-1112 
-1073 
-1399 
-748 
-751 
-354 
-771 
-598 
-239 
-1479 
-1185 
-1575 
-498 
-912 
-1024 
-1774 
1222 
-823 
-1134 
-973 
-1750 
-1840 
-1465 
-1480 
-1174 
-1440 
-755 
-699 
-655 
1614 
-620 
-898 
-262 
-1353 
-1257 
-538 
-1006 
-328 
-469 
-294 
36 
-1525 
-1269 
-941 
-2824 
-948 
-250 
-806 

