
**Step result = spmv(matrix, input)**
-2514 
-3952 
-3000 
-4269 
-3548 
-1696 
-2416 
-3198 
-2606 
-3018 
-2415 
-3220 
-959 
-2761 
-3653 
-3739 
-3739 
-2947 
-2960 
-3253 
-4138 
-2554 
-3081 
-2825 
-3733 
-1845 
-1440 
-3208 
-2667 
-3742 
-6614 
-1644 
-4199 
-1332 
-2863 
-1568 
289 
-2403 
-1490 
-2331 
-3471 
-3521 
-5258 
-2921 
-3331 
-3095 
-4009 
-3064 
-3482 
-1107 
-2284 
-3256 
-1694 
-2874 
-2695 
-2174 
-4369 
-3694 
-3139 
-4620 
-3778 
-3962 
-2572 
-1938 
-2485 
-2740 
-3260 
-2846 
-2550 
-3405 
-4257 
-2438 
-1512 
-5969 
-3699 
-5710 
-2557 
-3737 
-3162 
-2749 
-2862 
-3395 
-1191 
32 
-3657 
-3026 
-2605 
-1677 
-3215 
-3468 
-2422 
-4916 
-2846 
-1915 
-2084 
-6169 
2347 
-2202 
-1741 
-3292 
-3647 
-3737 
-2828 
-3524 
-3541 
-3296 
-2049 
-3346 
-2495 
-258 
-2158 
-2003 
-2458 
-3046 
-3348 
-1753 
-3303 
-2521 
-2938 
-3478 
191 
-4388 
-1674 
-2478 
-7644 
-3031 
-3009 
-3978 

