
**Step result = spmv(matrix, input)**
-957 
-1139 
-1975 
-2526 
-2737 
-620 
-1955 
-1847 
-1688 
-2136 
-2835 
-2096 
-1541 
-1871 
-1829 
-2225 
-2149 
-1502 
-1754 
-1593 
-3360 
-2183 
-2087 
-1874 
-2640 
-566 
-889 
-1856 
-1856 
-2756 
-5321 
-2188 
-2773 
-1182 
-1949 
-2729 
97 
-1987 
-1433 
-2233 
-1684 
-1435 
-2982 
-1954 
-2118 
-1835 
-2303 
-2339 
-1894 
-1566 
-1702 
-2375 
-1513 
-1600 
-900 
-833 
-2628 
-2716 
-2973 
-2899 
-2587 
-2516 
-2579 
-581 
-1580 
-2384 
-2244 
-1709 
-1978 
-2730 
-2411 
-1389 
515 
-4087 
-1835 
-3993 
-1901 
-2819 
-2165 
-1459 
-1449 
-1946 
-2318 
-872 
-2085 
-1368 
-1386 
-1311 
-1722 
-1607 
-1765 
-1999 
-1630 
-1381 
-1413 
-3482 
1508 
-1289 
-1122 
-1547 
-2946 
-2831 
-2135 
-2087 
-2358 
-1948 
-1037 
-1992 
-1348 
2387 
-2406 
-1904 
-1201 
-2367 
-1732 
-730 
-2252 
-1448 
-1488 
-1282 
1442 
-2405 
-815 
-2066 
-5392 
-2230 
-2011 
-2780 

