
**Step result = gemv(matrix, vector)**
-448 
-1311 
-1292 
-1310 
-1029 
-88 
-1523 
18 
-1090 
-1108 
-947 
-16 
-1472 
-1069 
-1183 
-384 
-1004 
-372 
-546 
-1462 
-1324 
-1115 
-885 
-1692 
-132 
-1179 
-1657 
-1023 
-1282 
-1014 
-2303 
299 
-1680 
-1377 
-1311 
-942 
291 
-1379 
-1195 
-1620 
-887 
69 
-858 
-824 
-334 
-1328 
-1073 
-1575 
-628 
-19 
-1527 
-655 
-620 
-897 
-1007 
-1418 
-1029 
-1522 
-693 
-889 
-719 
-1198 
-1238 
-394 
-1603 
-1189 
-1103 
-1035 
-1473 
-2095 
-1122 
-1849 
-1012 
-1891 
-647 
-1479 
-1051 
-848 
-248 
-1023 
-1116 
-1429 
-239 
-1150 
-1053 
345 
-1331 
-1076 
-1873 
-565 
-1281 
-619 
-1255 
-740 
-1040 
-1089 
938 
-587 
-1114 
-1335 
-1186 
-1066 
-914 
-373 
-1166 
-1212 
-190 
-1511 
-1254 
997 
-350 
-835 
-1022 
-1286 
-1303 
-71 
-727 
-1245 
-1424 
-945 
-1198 
-1033 
-555 
-993 
-3224 
-732 
-428 
-771 
