
**Step result = gemv(matrix, vector)**
-2875 
-2428 
-1610 
-2681 
-1984 
-369 
-2583 
-2082 
-2176 
-1147 
-1703 
-2477 
-1181 
-1584 
-2679 
-1787 
-3177 
-2140 
-3158 
-2595 
-2644 
-2212 
-1459 
-2620 
-2509 
-2650 
-3539 
-1417 
-1723 
-3216 
-5618 
-2513 
-4213 
-1815 
-1725 
-2069 
-305 
-2736 
-2576 
-1990 
-1637 
-2233 
-2961 
-2734 
-1918 
-1038 
-2284 
-1984 
-2117 
-1424 
-2330 
-2618 
-1025 
-2063 
-2434 
1721 
-3011 
-2651 
-1989 
-2735 
-2130 
-3069 
-1178 
-214 
-2082 
-1466 
-1134 
-2151 
-2302 
-2188 
-3012 
-2540 
-2260 
-3843 
-1919 
-3442 
-2709 
-2369 
-2007 
-2066 
-1611 
-1429 
-1880 
-1841 
-1622 
-2054 
-2334 
-1199 
-2113 
-2268 
-1672 
-2965 
-3312 
-2079 
-2251 
-2502 
1926 
-2665 
-1736 
-2256 
-3490 
-2251 
-2802 
-2525 
-3296 
-2598 
-984 
-2352 
-1995 
1882 
-1009 
-689 
-1860 
-2288 
-2436 
-1880 
-1263 
-2057 
-2019 
-1912 
-502 
-3046 
-1465 
-1442 
-6998 
-2593 
-2574 
-2736 
